Analysis & Synthesis report for scntr
Mon Nov 30 07:16:39 2020
Quartus II 32-bit Version 13.0.1 Build 232 06/12/2013 Service Pack 1 SJ Web Edition


---------------------
; Table of Contents ;
---------------------
  1. Legal Notice
  2. Analysis & Synthesis Summary
  3. Analysis & Synthesis Settings
  4. Parallel Compilation
  5. Analysis & Synthesis Source Files Read
  6. Analysis & Synthesis Resource Usage Summary
  7. Analysis & Synthesis Resource Utilization by Entity
  8. State Machine - |scntr|y
  9. User-Specified and Inferred Latches
 10. General Register Statistics
 11. Source assignments for Top-level Entity: |scntr
 12. Parameter Settings for User Entity Instance: regn:regThreshold
 13. Parameter Settings for User Entity Instance: regn:regSample
 14. Parameter Settings for User Entity Instance: subtractor:subtractor
 15. Elapsed Time Per Partition
 16. Analysis & Synthesis Messages



----------------
; Legal Notice ;
----------------
Copyright (C) 1991-2013 Altera Corporation
Your use of Altera Corporation's design tools, logic functions 
and other software and tools, and its AMPP partner logic 
functions, and any output files from any of the foregoing 
(including device programming or simulation files), and any 
associated documentation or information are expressly subject 
to the terms and conditions of the Altera Program License 
Subscription Agreement, Altera MegaCore Function License 
Agreement, or other applicable license agreement, including, 
without limitation, that your use is for the sole purpose of 
programming logic devices manufactured by Altera and sold by 
Altera or its authorized distributors.  Please refer to the 
applicable agreement for further details.



+--------------------------------------------------------------------------------------+
; Analysis & Synthesis Summary                                                         ;
+------------------------------------+-------------------------------------------------+
; Analysis & Synthesis Status        ; Successful - Mon Nov 30 07:16:39 2020           ;
; Quartus II 32-bit Version          ; 13.0.1 Build 232 06/12/2013 SP 1 SJ Web Edition ;
; Revision Name                      ; scntr                                           ;
; Top-level Entity Name              ; scntr                                           ;
; Family                             ; Cyclone II                                      ;
; Total logic elements               ; 87                                              ;
;     Total combinational functions  ; 71                                              ;
;     Dedicated logic registers      ; 35                                              ;
; Total registers                    ; 35                                              ;
; Total pins                         ; 47                                              ;
; Total virtual pins                 ; 0                                               ;
; Total memory bits                  ; 0                                               ;
; Embedded Multiplier 9-bit elements ; 0                                               ;
; Total PLLs                         ; 0                                               ;
+------------------------------------+-------------------------------------------------+


+----------------------------------------------------------------------------------------------------------------------+
; Analysis & Synthesis Settings                                                                                        ;
+----------------------------------------------------------------------------+--------------------+--------------------+
; Option                                                                     ; Setting            ; Default Value      ;
+----------------------------------------------------------------------------+--------------------+--------------------+
; Device                                                                     ; EP2C20F484C7       ;                    ;
; Top-level entity name                                                      ; scntr              ; scntr              ;
; Family name                                                                ; Cyclone II         ; Cyclone IV GX      ;
; Use smart compilation                                                      ; Off                ; Off                ;
; Enable parallel Assembler and TimeQuest Timing Analyzer during compilation ; On                 ; On                 ;
; Enable compact report table                                                ; Off                ; Off                ;
; Restructure Multiplexers                                                   ; Auto               ; Auto               ;
; Create Debugging Nodes for IP Cores                                        ; Off                ; Off                ;
; Preserve fewer node names                                                  ; On                 ; On                 ;
; Disable OpenCore Plus hardware evaluation                                  ; Off                ; Off                ;
; Verilog Version                                                            ; Verilog_2001       ; Verilog_2001       ;
; VHDL Version                                                               ; VHDL_1993          ; VHDL_1993          ;
; State Machine Processing                                                   ; Auto               ; Auto               ;
; Safe State Machine                                                         ; Off                ; Off                ;
; Extract Verilog State Machines                                             ; On                 ; On                 ;
; Extract VHDL State Machines                                                ; On                 ; On                 ;
; Ignore Verilog initial constructs                                          ; Off                ; Off                ;
; Iteration limit for constant Verilog loops                                 ; 5000               ; 5000               ;
; Iteration limit for non-constant Verilog loops                             ; 250                ; 250                ;
; Add Pass-Through Logic to Inferred RAMs                                    ; On                 ; On                 ;
; Infer RAMs from Raw Logic                                                  ; On                 ; On                 ;
; Parallel Synthesis                                                         ; On                 ; On                 ;
; DSP Block Balancing                                                        ; Auto               ; Auto               ;
; NOT Gate Push-Back                                                         ; On                 ; On                 ;
; Power-Up Don't Care                                                        ; On                 ; On                 ;
; Remove Redundant Logic Cells                                               ; Off                ; Off                ;
; Remove Duplicate Registers                                                 ; On                 ; On                 ;
; Ignore CARRY Buffers                                                       ; Off                ; Off                ;
; Ignore CASCADE Buffers                                                     ; Off                ; Off                ;
; Ignore GLOBAL Buffers                                                      ; Off                ; Off                ;
; Ignore ROW GLOBAL Buffers                                                  ; Off                ; Off                ;
; Ignore LCELL Buffers                                                       ; Off                ; Off                ;
; Ignore SOFT Buffers                                                        ; On                 ; On                 ;
; Limit AHDL Integers to 32 Bits                                             ; Off                ; Off                ;
; Optimization Technique                                                     ; Balanced           ; Balanced           ;
; Carry Chain Length                                                         ; 70                 ; 70                 ;
; Auto Carry Chains                                                          ; On                 ; On                 ;
; Auto Open-Drain Pins                                                       ; On                 ; On                 ;
; Perform WYSIWYG Primitive Resynthesis                                      ; Off                ; Off                ;
; Auto ROM Replacement                                                       ; On                 ; On                 ;
; Auto RAM Replacement                                                       ; On                 ; On                 ;
; Auto Shift Register Replacement                                            ; Auto               ; Auto               ;
; Allow Shift Register Merging across Hierarchies                            ; Auto               ; Auto               ;
; Auto Clock Enable Replacement                                              ; On                 ; On                 ;
; Strict RAM Replacement                                                     ; Off                ; Off                ;
; Allow Synchronous Control Signals                                          ; On                 ; On                 ;
; Force Use of Synchronous Clear Signals                                     ; Off                ; Off                ;
; Auto RAM to Logic Cell Conversion                                          ; Off                ; Off                ;
; Auto Resource Sharing                                                      ; Off                ; Off                ;
; Allow Any RAM Size For Recognition                                         ; Off                ; Off                ;
; Allow Any ROM Size For Recognition                                         ; Off                ; Off                ;
; Allow Any Shift Register Size For Recognition                              ; Off                ; Off                ;
; Use LogicLock Constraints during Resource Balancing                        ; On                 ; On                 ;
; Ignore translate_off and synthesis_off directives                          ; Off                ; Off                ;
; Timing-Driven Synthesis                                                    ; Off                ; Off                ;
; Report Parameter Settings                                                  ; On                 ; On                 ;
; Report Source Assignments                                                  ; On                 ; On                 ;
; Report Connectivity Checks                                                 ; On                 ; On                 ;
; Ignore Maximum Fan-Out Assignments                                         ; Off                ; Off                ;
; Synchronization Register Chain Length                                      ; 2                  ; 2                  ;
; PowerPlay Power Optimization                                               ; Normal compilation ; Normal compilation ;
; HDL message level                                                          ; Level2             ; Level2             ;
; Suppress Register Optimization Related Messages                            ; Off                ; Off                ;
; Number of Removed Registers Reported in Synthesis Report                   ; 5000               ; 5000               ;
; Number of Swept Nodes Reported in Synthesis Report                         ; 5000               ; 5000               ;
; Number of Inverted Registers Reported in Synthesis Report                  ; 100                ; 100                ;
; Clock MUX Protection                                                       ; On                 ; On                 ;
; Auto Gated Clock Conversion                                                ; Off                ; Off                ;
; Block Design Naming                                                        ; Auto               ; Auto               ;
; SDC constraint protection                                                  ; Off                ; Off                ;
; Synthesis Effort                                                           ; Auto               ; Auto               ;
; Shift Register Replacement - Allow Asynchronous Clear Signal               ; On                 ; On                 ;
; Pre-Mapping Resynthesis Optimization                                       ; Off                ; Off                ;
; Analysis & Synthesis Message Level                                         ; Medium             ; Medium             ;
; Disable Register Merging Across Hierarchies                                ; Auto               ; Auto               ;
; Resource Aware Inference For Block RAM                                     ; On                 ; On                 ;
; Synthesis Seed                                                             ; 1                  ; 1                  ;
+----------------------------------------------------------------------------+--------------------+--------------------+


Parallel compilation was disabled, but you have multiple processors available. Enable parallel compilation to reduce compilation time.
+-------------------------------------+
; Parallel Compilation                ;
+----------------------------+--------+
; Processors                 ; Number ;
+----------------------------+--------+
; Number detected on machine ; 8      ;
; Maximum allowed            ; 1      ;
+----------------------------+--------+


+--------------------------------------------------------------------------------------------------------------------------------+
; Analysis & Synthesis Source Files Read                                                                                         ;
+----------------------------------+-----------------+-----------------+-----------------------------------------------+---------+
; File Name with User-Entered Path ; Used in Netlist ; File Type       ; File Name with Absolute Path                  ; Library ;
+----------------------------------+-----------------+-----------------+-----------------------------------------------+---------+
; regn.vhd                         ; yes             ; User VHDL File  ; /build/exam/DE1-scntr_restored/regn.vhd       ;         ;
; scntr.vhd                        ; yes             ; User VHDL File  ; /build/exam/DE1-scntr_restored/scntr.vhd      ;         ;
; bcdCounter.vhd                   ; yes             ; User VHDL File  ; /build/exam/DE1-scntr_restored/bcdCounter.vhd ;         ;
; bcd_to_hex.vhd                   ; yes             ; User VHDL File  ; /build/exam/DE1-scntr_restored/bcd_to_hex.vhd ;         ;
; subtractor.vhd                   ; yes             ; User VHDL File  ; /build/exam/DE1-scntr_restored/subtractor.vhd ;         ;
+----------------------------------+-----------------+-----------------+-----------------------------------------------+---------+


+------------------------------------------------------+
; Analysis & Synthesis Resource Usage Summary          ;
+---------------------------------------------+--------+
; Resource                                    ; Usage  ;
+---------------------------------------------+--------+
; Estimated Total logic elements              ; 87     ;
;                                             ;        ;
; Total combinational functions               ; 71     ;
; Logic element usage by number of LUT inputs ;        ;
;     -- 4 input functions                    ; 34     ;
;     -- 3 input functions                    ; 29     ;
;     -- <=2 input functions                  ; 8      ;
;                                             ;        ;
; Logic elements by mode                      ;        ;
;     -- normal mode                          ; 63     ;
;     -- arithmetic mode                      ; 8      ;
;                                             ;        ;
; Total registers                             ; 35     ;
;     -- Dedicated logic registers            ; 35     ;
;     -- I/O registers                        ; 0      ;
;                                             ;        ;
; I/O pins                                    ; 47     ;
; Embedded Multiplier 9-bit elements          ; 0      ;
; Maximum fan-out node                        ; resetn ;
; Maximum fan-out                             ; 36     ;
; Total fan-out                               ; 402    ;
; Average fan-out                             ; 2.63   ;
+---------------------------------------------+--------+


+-------------------------------------------------------------------------------------------------------------------------------------------------------------------------------------------------+
; Analysis & Synthesis Resource Utilization by Entity                                                                                                                                             ;
+----------------------------+-------------------+--------------+-------------+--------------+---------+-----------+------+--------------+-----------------------------------------+--------------+
; Compilation Hierarchy Node ; LC Combinationals ; LC Registers ; Memory Bits ; DSP Elements ; DSP 9x9 ; DSP 18x18 ; Pins ; Virtual Pins ; Full Hierarchy Name                     ; Library Name ;
+----------------------------+-------------------+--------------+-------------+--------------+---------+-----------+------+--------------+-----------------------------------------+--------------+
; |scntr                     ; 71 (9)            ; 35 (3)       ; 0           ; 0            ; 0       ; 0         ; 47   ; 0            ; |scntr                                  ; work         ;
;    |bcdCounter:counter|    ; 53 (25)           ; 16 (16)      ; 0           ; 0            ; 0       ; 0         ; 0    ; 0            ; |scntr|bcdCounter:counter               ; work         ;
;       |bcd_to_hex:o0|      ; 7 (7)             ; 0 (0)        ; 0           ; 0            ; 0       ; 0         ; 0    ; 0            ; |scntr|bcdCounter:counter|bcd_to_hex:o0 ; work         ;
;       |bcd_to_hex:o1|      ; 7 (7)             ; 0 (0)        ; 0           ; 0            ; 0       ; 0         ; 0    ; 0            ; |scntr|bcdCounter:counter|bcd_to_hex:o1 ; work         ;
;       |bcd_to_hex:o2|      ; 7 (7)             ; 0 (0)        ; 0           ; 0            ; 0       ; 0         ; 0    ; 0            ; |scntr|bcdCounter:counter|bcd_to_hex:o2 ; work         ;
;       |bcd_to_hex:o3|      ; 7 (7)             ; 0 (0)        ; 0           ; 0            ; 0       ; 0         ; 0    ; 0            ; |scntr|bcdCounter:counter|bcd_to_hex:o3 ; work         ;
;    |regn:regSample|        ; 0 (0)             ; 8 (8)        ; 0           ; 0            ; 0       ; 0         ; 0    ; 0            ; |scntr|regn:regSample                   ; work         ;
;    |regn:regThreshold|     ; 0 (0)             ; 8 (8)        ; 0           ; 0            ; 0       ; 0         ; 0    ; 0            ; |scntr|regn:regThreshold                ; work         ;
;    |subtractor:subtractor| ; 9 (9)             ; 0 (0)        ; 0           ; 0            ; 0       ; 0         ; 0    ; 0            ; |scntr|subtractor:subtractor            ; work         ;
+----------------------------+-------------------+--------------+-------------+--------------+---------+-----------+------+--------------+-----------------------------------------+--------------+
Note: For table entries with two numbers listed, the numbers in parentheses indicate the number of resources of the given type used by the specific entity alone. The numbers listed outside of parentheses indicate the total resources of the given type used by the specific entity and all of its sub-entities in the hierarchy.


Encoding Type:  One-Hot
+------------------------------------------------------------------+
; State Machine - |scntr|y                                         ;
+-----------------+-----------------+---------------+--------------+
; Name            ; y.state_Compare ; y.state_Input ; y.state_Load ;
+-----------------+-----------------+---------------+--------------+
; y.state_Load    ; 0               ; 0             ; 0            ;
; y.state_Input   ; 0               ; 1             ; 1            ;
; y.state_Compare ; 1               ; 0             ; 1            ;
+-----------------+-----------------+---------------+--------------+


+---------------------------------------------------------------------------------------------------+
; User-Specified and Inferred Latches                                                               ;
+----------------------------------------------------+---------------------+------------------------+
; Latch Name                                         ; Latch Enable Signal ; Free of Timing Hazards ;
+----------------------------------------------------+---------------------+------------------------+
; loadTriggered                                      ; loadTriggered       ; yes                    ;
; Number of user-specified and inferred latches = 1  ;                     ;                        ;
+----------------------------------------------------+---------------------+------------------------+
Note: All latches listed above may not be present at the end of synthesis due to various synthesis optimizations.


+------------------------------------------------------+
; General Register Statistics                          ;
+----------------------------------------------+-------+
; Statistic                                    ; Value ;
+----------------------------------------------+-------+
; Total registers                              ; 35    ;
; Number of registers using Synchronous Clear  ; 0     ;
; Number of registers using Synchronous Load   ; 0     ;
; Number of registers using Asynchronous Clear ; 35    ;
; Number of registers using Asynchronous Load  ; 0     ;
; Number of registers using Clock Enable       ; 28    ;
; Number of registers using Preset             ; 0     ;
+----------------------------------------------+-------+


+--------------------------------------------------------------------+
; Source assignments for Top-level Entity: |scntr                    ;
+------------------------------+-------+------+----------------------+
; Assignment                   ; Value ; From ; To                   ;
+------------------------------+-------+------+----------------------+
; IGNORE_LCELL_BUFFERS         ; off   ; -    ; y_next.state_Load    ;
; REMOVE_REDUNDANT_LOGIC_CELLS ; off   ; -    ; y_next.state_Load    ;
; IGNORE_LCELL_BUFFERS         ; off   ; -    ; y_next.state_Input   ;
; REMOVE_REDUNDANT_LOGIC_CELLS ; off   ; -    ; y_next.state_Input   ;
; IGNORE_LCELL_BUFFERS         ; off   ; -    ; y_next.state_Compare ;
; REMOVE_REDUNDANT_LOGIC_CELLS ; off   ; -    ; y_next.state_Compare ;
+------------------------------+-------+------+----------------------+


+----------------------------------------------------------------+
; Parameter Settings for User Entity Instance: regn:regThreshold ;
+----------------+-------+---------------------------------------+
; Parameter Name ; Value ; Type                                  ;
+----------------+-------+---------------------------------------+
; n              ; 8     ; Signed Integer                        ;
+----------------+-------+---------------------------------------+
Note: In order to hide this table in the UI and the text report file, please set the "Show Parameter Settings in Synthesis Report" option in "Analysis and Synthesis Settings -> More Settings" to "Off".


+-------------------------------------------------------------+
; Parameter Settings for User Entity Instance: regn:regSample ;
+----------------+-------+------------------------------------+
; Parameter Name ; Value ; Type                               ;
+----------------+-------+------------------------------------+
; n              ; 8     ; Signed Integer                     ;
+----------------+-------+------------------------------------+
Note: In order to hide this table in the UI and the text report file, please set the "Show Parameter Settings in Synthesis Report" option in "Analysis and Synthesis Settings -> More Settings" to "Off".


+--------------------------------------------------------------------+
; Parameter Settings for User Entity Instance: subtractor:subtractor ;
+----------------+-------+-------------------------------------------+
; Parameter Name ; Value ; Type                                      ;
+----------------+-------+-------------------------------------------+
; n              ; 8     ; Signed Integer                            ;
+----------------+-------+-------------------------------------------+
Note: In order to hide this table in the UI and the text report file, please set the "Show Parameter Settings in Synthesis Report" option in "Analysis and Synthesis Settings -> More Settings" to "Off".


+-------------------------------+
; Elapsed Time Per Partition    ;
+----------------+--------------+
; Partition Name ; Elapsed Time ;
+----------------+--------------+
; Top            ; 00:00:00     ;
+----------------+--------------+


+-------------------------------+
; Analysis & Synthesis Messages ;
+-------------------------------+
Info: *******************************************************************
Info: Running Quartus II 32-bit Analysis & Synthesis
    Info: Version 13.0.1 Build 232 06/12/2013 Service Pack 1 SJ Web Edition
    Info: Processing started: Mon Nov 30 07:16:36 2020
Info: Command: quartus_map --read_settings_files=on --write_settings_files=off scntr -c scntr
Warning (20028): Parallel compilation is not licensed and has been disabled
Info (12021): Found 2 design units, including 1 entities, in source file regn.vhd
    Info (12022): Found design unit 1: regn-behaviour
    Info (12023): Found entity 1: regn
Info (12021): Found 2 design units, including 1 entities, in source file scntr.vhd
    Info (12022): Found design unit 1: scntr-behavioural
    Info (12023): Found entity 1: scntr
Info (12021): Found 2 design units, including 1 entities, in source file bcdCounter.vhd
    Info (12022): Found design unit 1: bcdCounter-behaviour
    Info (12023): Found entity 1: bcdCounter
Info (12021): Found 2 design units, including 1 entities, in source file bcd_to_hex.vhd
    Info (12022): Found design unit 1: bcd_to_hex-behaviour
    Info (12023): Found entity 1: bcd_to_hex
Info (12021): Found 2 design units, including 1 entities, in source file subtractor.vhd
    Info (12022): Found design unit 1: subtractor-behaviour
    Info (12023): Found entity 1: subtractor
Info (12127): Elaborating entity "scntr" for the top level hierarchy
Warning (10492): VHDL Process Statement warning at scntr.vhd(39): signal "y" is read inside the Process Statement but isn't in the Process Statement's sensitivity list
Warning (10492): VHDL Process Statement warning at scntr.vhd(44): signal "loadTriggered" is read inside the Process Statement but isn't in the Process Statement's sensitivity list
Warning (10631): VHDL Process Statement warning at scntr.vhd(35): inferring latch(es) for signal or variable "loadTriggered", which holds its previous value in one or more paths through the process
Warning (10492): VHDL Process Statement warning at scntr.vhd(79): signal "load" is read inside the Process Statement but isn't in the Process Statement's sensitivity list
Warning (10492): VHDL Process Statement warning at scntr.vhd(83): signal "subtractorOut" is read inside the Process Statement but isn't in the Process Statement's sensitivity list
Warning (10492): VHDL Process Statement warning at scntr.vhd(83): signal "underflowOccured" is read inside the Process Statement but isn't in the Process Statement's sensitivity list
Info (10041): Inferred latch for "loadTriggered" at scntr.vhd(35)
Info (12128): Elaborating entity "regn" for hierarchy "regn:regThreshold"
Warning (10492): VHDL Process Statement warning at regn.vhd(20): signal "en" is read inside the Process Statement but isn't in the Process Statement's sensitivity list
Info (12128): Elaborating entity "subtractor" for hierarchy "subtractor:subtractor"
Info (12128): Elaborating entity "bcdCounter" for hierarchy "bcdCounter:counter"
Warning (10492): VHDL Process Statement warning at bcdCounter.vhd(47): signal "en" is read inside the Process Statement but isn't in the Process Statement's sensitivity list
Info (12128): Elaborating entity "bcd_to_hex" for hierarchy "bcdCounter:counter|bcd_to_hex:o3"
Warning (13012): Latch loadTriggered has unsafe behavior
    Warning (13013): Ports D and ENA on the latch are fed by the same signal y.state_Load
Info (16010): Generating hard_block partition "hard_block:auto_generated_inst"
    Info (16011): Adding 0 node(s), including 0 DDIO, 0 PLL, 0 transceiver and 0 LCELL
Info (21057): Implemented 134 device resources after synthesis - the final resource count might be different
    Info (21058): Implemented 11 input pins
    Info (21059): Implemented 36 output pins
    Info (21061): Implemented 87 logic cells
Info: Quartus II 32-bit Analysis & Synthesis was successful. 0 errors, 11 warnings
    Info: Peak virtual memory: 358 megabytes
    Info: Processing ended: Mon Nov 30 07:16:39 2020
    Info: Elapsed time: 00:00:03
    Info: Total CPU time (on all processors): 00:00:03


